<?xml version="1.0" encoding="UTF-8"?>
<!-- Generated by org.testng.reporters.JUnitReportReporter -->
<testsuite hostname="DESKTOP-T4E0KMB" failures="0" tests="1" name="TestNGPracties.AnnitationsAll" time="0.018" errors="0" timestamp="2023-02-24T15:50:14 IST" skipped="0">
  <testcase classname="TestNGPracties.AnnitationsAll" name="test5" time="0.018"/>
  <system-out/>
</testsuite> <!-- TestNGPracties.AnnitationsAll -->
