<?xml version="1.0" encoding="UTF-8"?>
<!-- Generated by org.testng.reporters.JUnitReportReporter -->
<testsuite hostname="DESKTOP-T4E0KMB" failures="0" tests="7" name="TestNGPracties.TestNGGroupsDemo" time="0.080" errors="0" timestamp="2022-12-19T17:28:23 IST" skipped="0">
  <testcase classname="TestNGPracties.TestNGGroupsDemo" name="test5" time="0.012"/>
  <system-out/>
  <testcase classname="TestNGPracties.TestNGGroupsDemo" name="test6" time="0.009"/>
  <system-out/>
  <testcase classname="TestNGPracties.TestNGGroupsDemo" name="test7" time="0.009"/>
  <system-out/>
  <testcase classname="TestNGPracties.TestNGGroupsDemo" name="test4" time="0.011"/>
  <system-out/>
  <testcase classname="TestNGPracties.TestNGGroupsDemo" name="test1" time="0.023"/>
  <system-out/>
  <testcase classname="TestNGPracties.TestNGGroupsDemo" name="test2" time="0.003"/>
  <system-out/>
  <testcase classname="TestNGPracties.TestNGGroupsDemo" name="test3" time="0.013"/>
  <system-out/>
</testsuite> <!-- TestNGPracties.TestNGGroupsDemo -->
