<?xml version="1.0" encoding="UTF-8"?>
<!-- Generated by org.testng.reporters.JUnitReportReporter -->
<testsuite hostname="DESKTOP-T4E0KMB" failures="0" tests="3" name="TestNGPracties.DependenciesMethodDemo" time="0.030" errors="0" timestamp="2023-02-24T16:45:00 IST" skipped="0">
  <testcase classname="TestNGPracties.DependenciesMethodDemo" name="test1" time="0.009"/>
  <system-out/>
  <testcase classname="TestNGPracties.DependenciesMethodDemo" name="test2" time="0.016"/>
  <system-out/>
  <testcase classname="TestNGPracties.DependenciesMethodDemo" name="test3" time="0.005"/>
  <system-out/>
</testsuite> <!-- TestNGPracties.DependenciesMethodDemo -->
