<?xml version="1.0" encoding="UTF-8"?>
<!-- Generated by org.testng.reporters.JUnitReportReporter -->
<testsuite hostname="DESKTOP-T4E0KMB" failures="0" tests="3" name="TestNGPracties.TestNgListenerDemo2" time="0.012" errors="0" timestamp="2022-12-22T13:07:08 IST" skipped="1">
  <testcase classname="TestNGPracties.TestNgListenerDemo2" name="test5" time="0.004"/>
  <system-out/>
  <testcase classname="TestNGPracties.TestNgListenerDemo2" name="test4" time="0.003"/>
  <system-out/>
  <testcase classname="TestNGPracties.TestNgListenerDemo2" name="test6" time="0.005">
    <skipped/>
  </testcase> <!-- test6 -->
  <system-out/>
</testsuite> <!-- TestNGPracties.TestNgListenerDemo2 -->
