<?xml version="1.0" encoding="UTF-8"?>
<!-- Generated by org.testng.reporters.JUnitReportReporter -->
<testsuite hostname="DESKTOP-T4E0KMB" failures="0" tests="2" name="TestNGPracties.Annitication" time="0.026" errors="0" timestamp="2022-12-21T20:56:32 IST" skipped="0">
  <testcase classname="TestNGPracties.Annitication" name="test2" time="0.017"/>
  <system-out/>
  <testcase classname="TestNGPracties.Annitication" name="test3" time="0.009"/>
  <system-out/>
</testsuite> <!-- TestNGPracties.Annitication -->
