<?xml version="1.0" encoding="UTF-8"?>
<!-- Generated by org.testng.reporters.JUnitReportReporter -->
<testsuite hostname="DESKTOP-T4E0KMB" failures="0" tests="3" name="TestNGPracties.DependenciesGroupsDemo" time="0.022" errors="0" timestamp="2022-12-22T12:33:16 IST" skipped="0">
  <testcase classname="TestNGPracties.DependenciesGroupsDemo" name="test2" time="0.016"/>
  <system-out/>
  <testcase classname="TestNGPracties.DependenciesGroupsDemo" name="test1" time="0.003"/>
  <system-out/>
  <testcase classname="TestNGPracties.DependenciesGroupsDemo" name="test3" time="0.003"/>
  <system-out/>
</testsuite> <!-- TestNGPracties.DependenciesGroupsDemo -->
