<?xml version="1.0" encoding="UTF-8"?>
<!-- Generated by org.testng.reporters.JUnitReportReporter -->
<testsuite hostname="DESKTOP-T4E0KMB" failures="0" tests="1" name="TestNGClassFailedTestCase.TestClass1" time="0.024" errors="0" timestamp="2022-12-14T14:40:22 IST" skipped="0">
  <testcase classname="TestNGClassFailedTestCase.TestClass1" name="testFB" time="0.024"/>
  <system-out/>
</testsuite> <!-- TestNGClassFailedTestCase.TestClass1 -->
