<?xml version="1.0" encoding="UTF-8"?>
<!-- Generated by org.testng.reporters.JUnitReportReporter -->
<testsuite hostname="DESKTOP-T4E0KMB" failures="0" tests="3" name="TestNGPracties.DependenciesDemo" time="0.038" errors="0" timestamp="2022-12-19T17:25:53 IST" skipped="0">
  <testcase classname="TestNGPracties.DependenciesDemo" name="test1" time="0.011"/>
  <system-out/>
  <testcase classname="TestNGPracties.DependenciesDemo" name="test2" time="0.023"/>
  <system-out/>
  <testcase classname="TestNGPracties.DependenciesDemo" name="test3" time="0.004"/>
  <system-out/>
</testsuite> <!-- TestNGPracties.DependenciesDemo -->
