<?xml version="1.0" encoding="UTF-8"?>
<!-- Generated by org.testng.reporters.JUnitReportReporter -->
<testsuite hostname="DESKTOP-T4E0KMB" failures="0" tests="2" name="TestNGPracties.IgnoreDemo" time="0.023" errors="0" timestamp="2022-12-22T12:48:18 IST" skipped="1">
  <testcase classname="TestNGPracties.IgnoreDemo" name="test2" time="0.023"/>
  <system-out/>
  <testcase classname="TestNGPracties.IgnoreDemo" name="test1">
    <skipped/>
  </testcase> <!-- test1 -->
  <system-out/>
</testsuite> <!-- TestNGPracties.IgnoreDemo -->
