<?xml version="1.0" encoding="UTF-8"?>
<!-- Generated by org.testng.reporters.JUnitReportReporter -->
<testsuite hostname="DESKTOP-T4E0KMB" failures="0" tests="1" name="TestNGPracties.TestNGParametersDemo" time="0.017" errors="0" timestamp="2023-02-24T16:09:54 IST" skipped="0">
  <testcase classname="TestNGPracties.TestNGParametersDemo" name="test" time="0.017"/>
  <system-out/>
</testsuite> <!-- TestNGPracties.TestNGParametersDemo -->
