<?xml version="1.0" encoding="UTF-8"?>
<!-- Generated by org.testng.reporters.JUnitReportReporter -->
<testsuite hostname="DESKTOP-T4E0KMB" failures="0" tests="6" name="TestNGPracties.DataProviderDemo1" time="0.049" errors="0" timestamp="2022-12-22T11:39:41 IST" skipped="0">
  <testcase classname="TestNGPracties.DataProviderDemo1" name="funB" time="0.005"/>
  <system-out/>
  <testcase classname="TestNGPracties.DataProviderDemo1" name="funB" time="0.009"/>
  <system-out/>
  <testcase classname="TestNGPracties.DataProviderDemo1" name="funB" time="0.007"/>
  <system-out/>
  <testcase classname="TestNGPracties.DataProviderDemo1" name="funA" time="0.004"/>
  <system-out/>
  <testcase classname="TestNGPracties.DataProviderDemo1" name="funA" time="0.015"/>
  <system-out/>
  <testcase classname="TestNGPracties.DataProviderDemo1" name="funA" time="0.009"/>
  <system-out/>
</testsuite> <!-- TestNGPracties.DataProviderDemo1 -->
