<?xml version="1.0" encoding="UTF-8"?>
<!-- Generated by org.testng.reporters.JUnitReportReporter -->
<testsuite hostname="DESKTOP-T4E0KMB" failures="0" tests="1" name="automation.LoginTestPropertiesFile" time="9.347" errors="0" timestamp="2023-03-03T13:03:33 IST" skipped="0">
  <testcase classname="automation.LoginTestPropertiesFile" name="myLoginTest" time="9.347"/>
  <system-out/>
</testsuite> <!-- automation.LoginTestPropertiesFile -->
