<?xml version="1.0" encoding="UTF-8"?>
<!-- Generated by org.testng.reporters.JUnitReportReporter -->
<testsuite hostname="DESKTOP-T4E0KMB" failures="0" tests="1" name="TestNGPracties.ExtendReport" time="10.251" errors="0" timestamp="2023-02-25T10:24:26 IST" skipped="0">
  <testcase classname="TestNGPracties.ExtendReport" name="intialDemo" time="10.251"/>
  <system-out/>
</testsuite> <!-- TestNGPracties.ExtendReport -->
