<?xml version="1.0" encoding="UTF-8"?>
<!-- Generated by org.testng.reporters.JUnitReportReporter -->
<testsuite hostname="DESKTOP-T4E0KMB" failures="0" tests="1" name="TestNGPracties.TestNGDemo2" time="6.425" errors="0" timestamp="2022-12-18T19:51:25 IST" skipped="0">
  <testcase classname="TestNGPracties.TestNGDemo2" name="googleSearch2" time="6.425"/>
  <system-out/>
</testsuite> <!-- TestNGPracties.TestNGDemo2 -->
