<?xml version="1.0" encoding="UTF-8"?>
<!-- Generated by org.testng.reporters.JUnitReportReporter -->
<testsuite hostname="DESKTOP-T4E0KMB" failures="0" tests="2" name="TestNGClassFailedTestCase.Practies" time="0.016" errors="0" timestamp="2022-12-22T12:50:15 IST" skipped="1">
  <testcase classname="TestNGClassFailedTestCase.Practies" name="funA" time="0.016"/>
  <system-out/>
  <testcase classname="TestNGClassFailedTestCase.Practies" name="funB">
    <skipped/>
  </testcase> <!-- funB -->
  <system-out/>
</testsuite> <!-- TestNGClassFailedTestCase.Practies -->
